2022.11.19 11:47:52 INFO  tracing is disabled for protocol LSP, to enable tracing of incoming and outgoing JSON messages create an empty file at /home/stefan/master-I/asvsp/scala/.metals/lsp.trace.json or /home/stefan/.cache/metals/lsp.trace.json[0m
2022.11.19 11:47:53 INFO  logging to file /home/stefan/master-I/asvsp/scala/.metals/metals.log[0m
2022.11.19 11:47:53 INFO  Started: Metals version 0.11.9 in workspace '/home/stefan/master-I/asvsp/scala' for client Visual Studio Code 1.73.1.[0m
2022.11.19 11:47:53 WARN  Can't instantiate JavaInteractiveSemanticdb (version: JdkVersion(17), jdkHome: /usr/lib/jvm/java-17-openjdk-17.0.5.0.8-1.fc37.x86_64, javac exists: false)[0m
2022.11.19 11:47:54 INFO  time: initialize in 0.9s[0m
2022.11.19 11:47:56 WARN  Build server is not auto-connectable.[0m
2022.11.19 11:47:56 WARN  no build tool detected in workspace '/home/stefan/master-I/asvsp/scala'. The most common cause for this problem is that the editor was opened in the wrong working directory, for example if you use sbt then the workspace directory should contain build.sbt. [0m
2022.11.19 11:47:56 WARN  no build target for: /home/stefan/master-I/asvsp/scala/hello-world/src/main/scala/Main.scala[0m
Nov 19, 2022 11:47:56 AM org.eclipse.lsp4j.jsonrpc.RemoteEndpoint handleCancellation
WARNING: Unmatched cancel notification for request id 1
2022.11.19 11:48:08 INFO  no build target found for /home/stefan/master-I/asvsp/scala/hello-world/src/main/scala/Main.scala. Using presentation compiler with project's scala-library version: 3.2.0[0m
2022.11.19 11:48:10 INFO  time: code lens generation in 14s[0m
2022.11.19 11:48:10 INFO  time: code lens generation in 9.47s[0m
2022.11.19 11:48:11 WARN  no build target for: /home/stefan/master-I/asvsp/scala/hello-world/src/main/scala/Main.scala[0m
Nov 19, 2022 11:48:11 AM org.eclipse.lsp4j.jsonrpc.RemoteEndpoint fallbackResponseError
SEVERE: Internal error: scala.meta.internal.metals.debug.BuildTargetNotFoundForPathException: No build target could be found for the path: /home/stefan/master-I/asvsp/scala/hello-world/src/main/scala/Main.scala
java.util.concurrent.CompletionException: scala.meta.internal.metals.debug.BuildTargetNotFoundForPathException: No build target could be found for the path: /home/stefan/master-I/asvsp/scala/hello-world/src/main/scala/Main.scala
	at java.base/java.util.concurrent.CompletableFuture.encodeThrowable(CompletableFuture.java:332)
	at java.base/java.util.concurrent.CompletableFuture.uniAcceptNow(CompletableFuture.java:747)
	at java.base/java.util.concurrent.CompletableFuture.uniAcceptStage(CompletableFuture.java:735)
	at java.base/java.util.concurrent.CompletableFuture.thenAcceptAsync(CompletableFuture.java:2186)
	at scala.concurrent.java8.FuturesConvertersImpl$CF.thenAccept(FutureConvertersImpl.scala:37)
	at org.eclipse.lsp4j.jsonrpc.RemoteEndpoint.handleRequest(RemoteEndpoint.java:279)
	at org.eclipse.lsp4j.jsonrpc.RemoteEndpoint.consume(RemoteEndpoint.java:190)
	at org.eclipse.lsp4j.jsonrpc.json.StreamMessageProducer.handleMessage(StreamMessageProducer.java:194)
	at org.eclipse.lsp4j.jsonrpc.json.StreamMessageProducer.listen(StreamMessageProducer.java:94)
	at org.eclipse.lsp4j.jsonrpc.json.ConcurrentMessageProcessor.run(ConcurrentMessageProcessor.java:113)
	at java.base/java.util.concurrent.Executors$RunnableAdapter.call(Executors.java:539)
	at java.base/java.util.concurrent.FutureTask.run(FutureTask.java:264)
	at java.base/java.util.concurrent.ThreadPoolExecutor.runWorker(ThreadPoolExecutor.java:1136)
	at java.base/java.util.concurrent.ThreadPoolExecutor$Worker.run(ThreadPoolExecutor.java:635)
	at java.base/java.lang.Thread.run(Thread.java:833)
Caused by: scala.meta.internal.metals.debug.BuildTargetNotFoundForPathException: No build target could be found for the path: /home/stefan/master-I/asvsp/scala/hello-world/src/main/scala/Main.scala
	at scala.meta.internal.metals.debug.DebugProvider.debugDiscovery(DebugProvider.scala:412)
	at scala.meta.internal.metals.MetalsLanguageServer.executeCommand(MetalsLanguageServer.scala:1963)
	at java.base/jdk.internal.reflect.NativeMethodAccessorImpl.invoke0(Native Method)
	at java.base/jdk.internal.reflect.NativeMethodAccessorImpl.invoke(NativeMethodAccessorImpl.java:77)
	at java.base/jdk.internal.reflect.DelegatingMethodAccessorImpl.invoke(DelegatingMethodAccessorImpl.java:43)
	at java.base/java.lang.reflect.Method.invoke(Method.java:568)
	at org.eclipse.lsp4j.jsonrpc.services.GenericEndpoint.lambda$null$0(GenericEndpoint.java:65)
	at org.eclipse.lsp4j.jsonrpc.services.GenericEndpoint.request(GenericEndpoint.java:120)
	at org.eclipse.lsp4j.jsonrpc.RemoteEndpoint.handleRequest(RemoteEndpoint.java:261)
	... 9 more

2022.11.19 11:49:41 INFO  shutting down Metals[0m
